[1] "yanpan      1069       1  0 19:53 ?        00:00:00 /usr/lib/R/bin/exec/R --no-echo --no-restore --file=/home/yanpan/getIt/scheduled_us.R"
Info: the interval is set to be 39 - 199 seconds
2020-06-30 23:07:11 Nodes submitted 10 Completed 15 Remaining 1286 
2020-06-30 23:31:16 Nodes submitted 20 Completed 25 Remaining 1276 
2020-06-30 23:54:41 Nodes submitted 30 Completed 35 Remaining 1266 
2020-07-01 00:14:04 Nodes submitted 40 Completed 45 Remaining 1256 
2020-07-01 00:32:36 Nodes submitted 50 Completed 55 Remaining 1246 
2020-07-01 00:52:09 Nodes submitted 60 Completed 65 Remaining 1236 
2020-07-01 01:10:45 Nodes submitted 70 Completed 75 Remaining 1226 
2020-07-01 01:36:01 Nodes submitted 80 Completed 85 Remaining 1216 
2020-07-01 01:52:59 Nodes submitted 90 Completed 95 Remaining 1206 
2020-07-01 02:13:25 Nodes submitted 100 Completed 105 Remaining 1196 
2020-07-01 02:30:49 Nodes submitted 110 Completed 115 Remaining 1186 
2020-07-01 02:56:08 Nodes submitted 120 Completed 125 Remaining 1176 
2020-07-01 03:15:42 Nodes submitted 130 Completed 7 Remaining 1166 
2020-07-01 03:15:42 Pausing - wait for job to be completed2020-07-01 03:44:45 Nodes submitted 140 Completed 17 Remaining 1156 
2020-07-01 03:44:45 Pausing - wait for job to be completed2020-07-01 04:12:12 Nodes submitted 150 Completed 27 Remaining 1146 
2020-07-01 04:12:12 Pausing - wait for job to be completed2020-07-01 04:34:30 Nodes submitted 160 Completed 37 Remaining 1136 
2020-07-01 04:34:30 Pausing - wait for job to be completed2020-07-01 04:57:19 Nodes submitted 170 Completed 47 Remaining 1126 
2020-07-01 04:57:19 Pausing - wait for job to be completed2020-07-01 05:27:02 Nodes submitted 180 Completed 57 Remaining 1116 
2020-07-01 05:27:02 Pausing - wait for job to be completed2020-07-01 05:54:01 Nodes submitted 190 Completed 67 Remaining 1106 
2020-07-01 05:54:01 Pausing - wait for job to be completed2020-07-01 06:23:04 Nodes submitted 200 Completed 77 Remaining 1096 
2020-07-01 06:23:04 Pausing - wait for job to be completed2020-07-01 06:46:11 Nodes submitted 210 Completed 87 Remaining 1086 
2020-07-01 06:46:11 Pausing - wait for job to be completed2020-07-01 07:05:57 Nodes submitted 220 Completed 97 Remaining 1076 
2020-07-01 07:05:57 Pausing - wait for job to be completed2020-07-01 07:28:38 Nodes submitted 230 Completed 107 Remaining 1066 
2020-07-01 07:28:39 Pausing - wait for job to be completed2020-07-01 07:54:22 Nodes submitted 240 Completed 117 Remaining 1056 
2020-07-01 07:54:23 Pausing - wait for job to be completed2020-07-01 08:21:39 Nodes submitted 250 Completed 127 Remaining 1046 
2020-07-01 08:21:39 Pausing - wait for job to be completed2020-07-01 08:44:14 Nodes submitted 260 Completed 137 Remaining 1036 
2020-07-01 08:44:14 Pausing - wait for job to be completed2020-07-01 09:07:55 Nodes submitted 270 Completed 147 Remaining 1026 
2020-07-01 09:07:56 Pausing - wait for job to be completed[1] "yanpan       969       1  8 06:36 ?        00:00:00 /usr/lib/R/bin/exec/R --no-echo --no-restore --file=/home/yanpan/getIt/scheduled_us.R"
Info: the interval is set to be 39 - 199 seconds
Important: 279 will be skipped per defined by to_skip
2020-07-01 09:57:51 Nodes submitted 10 Completed 166 Remaining 1007 
2020-07-01 10:19:07 Nodes submitted 20 Completed 176 Remaining 997 
2020-07-01 10:38:33 Nodes submitted 30 Completed 186 Remaining 987 
2020-07-01 11:00:10 Nodes submitted 40 Completed 196 Remaining 977 
2020-07-01 11:17:41 Nodes submitted 50 Completed 206 Remaining 967 
2020-07-01 11:38:16 Nodes submitted 60 Completed 216 Remaining 957 
2020-07-01 11:54:11 Nodes submitted 70 Completed 226 Remaining 947 
2020-07-01 12:16:48 Nodes submitted 80 Completed 236 Remaining 937 
2020-07-01 12:35:29 Nodes submitted 90 Completed 246 Remaining 927 
2020-07-01 12:59:08 Nodes submitted 100 Completed 256 Remaining 917 
2020-07-01 13:19:46 Nodes submitted 110 Completed 266 Remaining 907 
2020-07-01 13:41:47 Nodes submitted 120 Completed 276 Remaining 897 
2020-07-01 14:02:36 Nodes submitted 130 Completed 286 Remaining 887 
2020-07-01 14:26:42 Nodes submitted 140 Completed 296 Remaining 877 
2020-07-01 14:49:00 Nodes submitted 150 Completed 306 Remaining 867 
2020-07-01 15:06:24 Nodes submitted 160 Completed 316 Remaining 857 
2020-07-01 15:27:43 Nodes submitted 170 Completed 326 Remaining 847 
2020-07-01 15:50:46 Nodes submitted 180 Completed 336 Remaining 837 
2020-07-01 16:11:38 Nodes submitted 190 Completed 346 Remaining 827 
2020-07-01 16:29:58 Nodes submitted 200 Completed 356 Remaining 817 
2020-07-01 16:47:43 Nodes submitted 210 Completed 366 Remaining 807 
2020-07-01 17:06:39 Nodes submitted 220 Completed 376 Remaining 797 
2020-07-01 17:28:38 Nodes submitted 230 Completed 386 Remaining 787 
2020-07-01 17:52:07 Nodes submitted 240 Completed 396 Remaining 777 
2020-07-01 18:09:15 Nodes submitted 250 Completed 406 Remaining 767 
2020-07-01 18:32:32 Nodes submitted 260 Completed 416 Remaining 757 
2020-07-01 18:49:14 Nodes submitted 270 Completed 426 Remaining 747 
2020-07-01 19:08:21 Nodes submitted 280 Completed 436 Remaining 737 
2020-07-01 19:24:26 Nodes submitted 290 Completed 446 Remaining 727 
2020-07-01 19:45:19 Nodes submitted 300 Completed 456 Remaining 717 
2020-07-01 20:02:04 Nodes submitted 310 Completed 466 Remaining 707 
2020-07-01 20:25:41 Nodes submitted 320 Completed 476 Remaining 697 
2020-07-01 20:45:18 Nodes submitted 330 Completed 486 Remaining 687 
2020-07-01 21:05:39 Nodes submitted 340 Completed 496 Remaining 677 
2020-07-01 21:27:35 Nodes submitted 350 Completed 506 Remaining 667 
2020-07-01 21:45:42 Nodes submitted 360 Completed 516 Remaining 657 
2020-07-01 22:03:35 Nodes submitted 370 Completed 526 Remaining 647 
2020-07-01 22:19:46 Nodes submitted 380 Completed 536 Remaining 637 
2020-07-01 22:36:45 Nodes submitted 390 Completed 546 Remaining 627 
2020-07-01 22:53:24 Nodes submitted 400 Completed 556 Remaining 617 
2020-07-01 23:14:53 Nodes submitted 410 Completed 566 Remaining 607 
2020-07-01 23:36:03 Nodes submitted 420 Completed 576 Remaining 597 
2020-07-01 23:54:04 Nodes submitted 430 Completed 586 Remaining 587 
2020-07-02 00:17:42 Nodes submitted 440 Completed 596 Remaining 577 
2020-07-02 00:33:51 Nodes submitted 450 Completed 606 Remaining 567 
2020-07-02 00:59:04 Nodes submitted 460 Completed 616 Remaining 557 
2020-07-02 01:17:11 Nodes submitted 470 Completed 626 Remaining 547 
2020-07-02 01:38:17 Nodes submitted 480 Completed 636 Remaining 537 
2020-07-02 01:59:02 Nodes submitted 490 Completed 646 Remaining 527 
2020-07-02 02:19:43 Nodes submitted 500 Completed 656 Remaining 517 
2020-07-02 02:42:22 Nodes submitted 510 Completed 666 Remaining 507 
2020-07-02 03:03:57 Nodes submitted 520 Completed 1 Remaining 497 
2020-07-02 03:21:46 Nodes submitted 530 Completed 11 Remaining 487 
2020-07-02 03:42:24 Nodes submitted 540 Completed 21 Remaining 477 
2020-07-02 04:03:58 Nodes submitted 550 Completed 31 Remaining 467 
2020-07-02 04:24:08 Nodes submitted 560 Completed 41 Remaining 457 
2020-07-02 04:46:52 Nodes submitted 570 Completed 51 Remaining 447 
2020-07-02 05:06:42 Nodes submitted 580 Completed 61 Remaining 437 
2020-07-02 05:22:03 Nodes submitted 590 Completed 71 Remaining 427 
2020-07-02 05:44:14 Nodes submitted 600 Completed 81 Remaining 417 
2020-07-02 06:05:15 Nodes submitted 610 Completed 91 Remaining 407 
2020-07-02 06:26:38 Nodes submitted 620 Completed 101 Remaining 397 
2020-07-02 06:48:23 Nodes submitted 630 Completed 111 Remaining 387 
2020-07-02 07:09:52 Nodes submitted 640 Completed 121 Remaining 377 
2020-07-02 07:30:48 Nodes submitted 650 Completed 131 Remaining 367 
2020-07-02 07:49:43 Nodes submitted 660 Completed 141 Remaining 357 
2020-07-02 08:06:12 Nodes submitted 670 Completed 151 Remaining 347 
2020-07-02 08:24:59 Nodes submitted 680 Completed 161 Remaining 337 
2020-07-02 08:42:20 Nodes submitted 690 Completed 171 Remaining 327 
2020-07-02 09:01:32 Nodes submitted 700 Completed 181 Remaining 317 
2020-07-02 09:20:54 Nodes submitted 710 Completed 191 Remaining 307 
2020-07-02 09:42:19 Nodes submitted 720 Completed 201 Remaining 297 
2020-07-02 09:59:07 Nodes submitted 730 Completed 211 Remaining 287 
2020-07-02 10:14:58 Nodes submitted 740 Completed 221 Remaining 277 
2020-07-02 10:36:39 Nodes submitted 750 Completed 231 Remaining 267 
2020-07-02 10:55:37 Nodes submitted 760 Completed 241 Remaining 257 
2020-07-02 11:17:27 Nodes submitted 770 Completed 251 Remaining 247 
2020-07-02 11:37:25 Nodes submitted 780 Completed 261 Remaining 237 
2020-07-02 11:57:41 Nodes submitted 790 Completed 271 Remaining 227 
2020-07-02 12:17:09 Nodes submitted 800 Completed 281 Remaining 217 
2020-07-02 12:39:36 Nodes submitted 810 Completed 291 Remaining 207 
2020-07-02 12:59:18 Nodes submitted 820 Completed 301 Remaining 197 
2020-07-02 13:19:19 Nodes submitted 830 Completed 311 Remaining 187 
2020-07-02 13:41:33 Nodes submitted 840 Completed 321 Remaining 177 
2020-07-02 14:02:47 Nodes submitted 850 Completed 331 Remaining 167 
2020-07-02 14:21:39 Nodes submitted 860 Completed 341 Remaining 157 
2020-07-02 14:41:30 Nodes submitted 870 Completed 351 Remaining 147 
2020-07-02 14:59:35 Nodes submitted 880 Completed 361 Remaining 137 
2020-07-02 15:20:18 Nodes submitted 890 Completed 371 Remaining 127 
2020-07-02 15:40:09 Nodes submitted 900 Completed 381 Remaining 117 
2020-07-02 15:56:54 Nodes submitted 910 Completed 391 Remaining 107 
2020-07-02 16:17:35 Nodes submitted 920 Completed 401 Remaining 97 
2020-07-02 16:38:46 Nodes submitted 930 Completed 411 Remaining 87 
2020-07-02 17:01:16 Nodes submitted 940 Completed 421 Remaining 77 
2020-07-02 17:22:53 Nodes submitted 950 Completed 431 Remaining 67 
2020-07-02 17:44:47 Nodes submitted 960 Completed 441 Remaining 57 
2020-07-02 18:03:41 Nodes submitted 970 Completed 451 Remaining 47 
2020-07-02 18:22:33 Nodes submitted 980 Completed 461 Remaining 37 
2020-07-02 18:42:16 Nodes submitted 990 Completed 471 Remaining 27 
2020-07-02 19:03:20 Nodes submitted 1000 Completed 481 Remaining 17 
2020-07-02 19:20:58 Nodes submitted 1010 Completed 490 Remaining 7 
2020-07-02 19:37:13 Job completed.========= ========= =========
Average runing time in seconds
   Min. 1st Qu.  Median    Mean 3rd Qu.    Max. 
  6.609   8.781   9.736  10.298  11.017  32.416 
2020-07-02 19:39:05 Retry failed jobs. Total to retry 47 
Important: 0 will be skipped per defined by to_skip
2020-07-02 19:58:01 Nodes submitted 10 - Remaining 37 
2020-07-02 20:22:49 Nodes submitted 20 - Remaining 27 
2020-07-02 20:43:45 Nodes submitted 30 - Remaining 17 
2020-07-02 21:01:37 Nodes submitted 40 - Remaining 7 
2020-07-02 21:15:42 Retry failed jobs. Total to retry 2 
Important: 0 will be skipped per defined by to_skip
all ok! nothing to retry :-) 
NULL
