2020-06-14 03:03:08 Fetch latest currency exchange rate from ECB
2020-06-14 03:03:08 Worker started for QR01 with controller 2021-01-22 ===
2020-06-14 06:29:42 Job completed.========= ========= =========
Average runing time in seconds
   Min. 1st Qu.  Median    Mean 3rd Qu.    Max. 
  24.81   79.72   88.45   88.58   97.94  129.79 
2020-06-14 06:32:50 Retry failed jobs. Total to retry 12 
2020-06-14 06:41:49 Retries done ========= ========= =========
2020-06-14 06:41:49 Retry failed jobs. Total to retry 8 
2020-06-14 06:48:06 Retries done ========= ========= =========
2020-06-14 06:48:06 Retry failed jobs. Total to retry 7 
2020-06-14 06:53:53 Retries done ========= ========= =========
Completed. Total 400 files.
2020-06-14 06:54:19 === BigQuery Upload Completed for QR01 ===
2020-06-14 06:54:19 Serving data results ===
========= Dashboard results are refreshed =========
2020-06-14 06:54:21 Worker started for MRT01 with controller 2021-01-16 2021-01-31 ===
2020-06-14 08:00:34 Job completed.========= ========= =========
Average runing time in seconds
   Min. 1st Qu.  Median    Mean 3rd Qu.    Max. 
  24.81   96.16  108.86  102.33  112.43  128.41 
2020-06-14 08:03:26 Retry failed jobs. Total to retry 1 
2020-06-14 08:06:30 Retries done ========= ========= =========
Completed. Total 128 files (fetched 96 unavailable 32 ) 
2020-06-14 08:07:29 === BigQuery Upload Completed for MRT01 ===
2020-06-14 08:07:29 Worker started for QR01 (follow-up 2020-09-29 2020-09-14 2020-08-30 2020-08-15 2020-07-31 ) ===
2020-06-14 10:55:14 Job completed.========= ========= =========
Average runing time in seconds
   Min. 1st Qu.  Median    Mean 3rd Qu.    Max. 
  24.81   74.28   81.50   80.97   88.08  117.55 
2020-06-14 10:58:10 Retry failed jobs. Total to retry 12 
2020-06-14 11:07:48 Retries done ========= ========= =========
2020-06-14 11:07:48 Retry failed jobs. Total to retry 8 
2020-06-14 11:13:36 Retries done ========= ========= =========
2020-06-14 11:13:36 Retry failed jobs. Total to retry 8 
2020-06-14 11:19:56 Retries done ========= ========= =========
Completed. Total 320 files.
2020-06-14 11:20:18 === BigQuery Upload Completed for QR01 ===
2020-06-14 11:20:18 Serving data results========= Dashboard results are refreshed =========
2020-06-14 11:20:19 Worker started for MRT01 (follow-up 2020-06-19 2020-09-12 ) ===
2020-06-14 12:48:55 Job completed.========= ========= =========
Average runing time in seconds
   Min. 1st Qu.  Median    Mean 3rd Qu.    Max. 
  24.81  106.48  112.71  107.82  117.47  129.33 
2020-06-14 12:52:04 Retry failed jobs. Total to retry 7 
2020-06-14 12:58:08 Retries done ========= ========= =========
Completed. Total 172 files (fetched 147 unavailable 25 ) 
2020-06-14 12:58:47 === BigQuery Upload Completed for MRT01 ===
2020-06-14 12:58:47 ========= all tasks completed for today =========
2020-06-14 18:08:05 Worker started for QR01 (current topic) 2021-05-15 ) ===
Info: the interval is set to be 20 - 35 seconds
2020-06-14 18:08:06 Important: 201 will be skipped per defined by to_skip
2020-06-14 19:39:31 Job completed.========= ========= =========
Average runing time in seconds
   Min. 1st Qu.  Median    Mean 3rd Qu.    Max. 
  33.05   50.05   55.57   56.10   61.98   98.11 
2020-06-14 19:40:02 Retry failed jobs. Total to retry 9 
Info: the interval is set to be 20 - 35 seconds
2020-06-14 19:40:02 Important: 3 will be skipped per defined by to_skip
2020-06-14 19:43:01 Job completed.========= ========= =========
Average runing time in seconds
   Min. 1st Qu.  Median    Mean 3rd Qu.    Max. 
  33.05   50.09   55.67   56.17   62.06   98.11 
2020-06-14 19:43:28 Retry failed jobs. Total to retry 3 
Info: the interval is set to be 20 - 35 seconds
2020-06-14 19:43:28 Important: 0 will be skipped per defined by to_skip
2020-06-14 19:44:57 Job completed.========= ========= =========
Average runing time in seconds
   Min. 1st Qu.  Median    Mean 3rd Qu.    Max. 
  33.05   50.12   55.73   56.19   62.11   98.11 
2020-06-14 19:45:22 Retry failed jobs. Total to retry 1 
Info: the interval is set to be 20 - 35 seconds
2020-06-14 19:45:22 Important: 0 will be skipped per defined by to_skip
2020-06-14 19:45:51 Job completed.========= ========= =========
Average runing time in seconds
   Min. 1st Qu.  Median    Mean 3rd Qu.    Max. 
  33.05   50.12   55.73   56.19   62.11   98.11 
Completed. Total 396 files.
2020-06-14 19:47:02 === BigQuery Upload Completed for QR01 ===
2020-06-14 19:47:02 Serving data results ===
========= Dashboard results are refreshed =========
Warning messages:
1: Removed 140 rows containing non-finite values (stat_smooth). 
2: Removed 140 rows containing missing values (geom_point). 
3: Removed 14 rows containing non-finite values (stat_smooth). 
4: Removed 14 rows containing missing values (geom_point). 
2020-06-14 19:47:07 ========= all tasks completed for today =========
= = = = = = = = = = = = = = = = = = = = = = = = = = = = = = = = = = = = = = =
2020-06-15 03:03:03 Worker started for MRT01 with controller 2020-12-01 2020-12-15 ===
Info: the interval is set to be 20 - 35 seconds
2020-06-15 03:57:40 Job completed.========= ========= =========
Average runing time in seconds
   Min. 1st Qu.  Median    Mean 3rd Qu.    Max. 
  15.89   17.84   23.09   22.68   25.58   38.47 
2020-06-15 03:58:15 Retry failed jobs. Total to retry 3 
Info: the interval is set to be 20 - 35 seconds
2020-06-15 03:59:46 Job completed.========= ========= =========
Average runing time in seconds
   Min. 1st Qu.  Median    Mean 3rd Qu.    Max. 
  15.89   17.86   23.30   22.76   25.70   38.47 
Completed. Total 120 files (fetched 60 unavailable 60 ) 
2020-06-15 04:00:54 === BigQuery Upload Completed for MRT01 ===
2020-06-15 04:00:54 Worker started for QR01 (follow-up 2021-05-16 2021-05-01 2021-04-16 2021-04-01 2021-03-17 ) ===
Info: the interval is set to be 20 - 35 seconds
2020-06-15 06:25:58 Job completed.========= ========= =========
Average runing time in seconds
   Min. 1st Qu.  Median    Mean 3rd Qu.    Max. 
  32.29   41.00   46.39   46.43   50.98   79.39 
2020-06-15 06:26:26 Retry failed jobs. Total to retry 2 
Info: the interval is set to be 20 - 35 seconds
2020-06-15 06:27:26 Job completed.========= ========= =========
Average runing time in seconds
   Min. 1st Qu.  Median    Mean 3rd Qu.    Max. 
  32.29   40.97   46.34   46.40   50.98   79.39 
Completed. Total 320 files.
2020-06-15 06:28:12 === BigQuery Upload Completed for QR01 ===
2020-06-15 06:28:12 Serving data results ===
========= Dashboard results are refreshed =========
Warning messages:
1: Removed 156 rows containing non-finite values (stat_smooth). 
2: Removed 156 rows containing missing values (geom_point). 
3: Removed 24 rows containing non-finite values (stat_smooth). 
4: Removed 24 rows containing missing values (geom_point). 
2020-06-15 06:28:17 Worker started for MRT01 (follow-up 2021-03-05 2021-05-29 ) ===
Info: the interval is set to be 20 - 35 seconds
2020-06-15 07:45:18 Job completed.========= ========= =========
Average runing time in seconds
   Min. 1st Qu.  Median    Mean 3rd Qu.    Max. 
  20.01   21.34   21.95   22.44   23.04   31.26 
2020-06-15 07:45:48 Retry failed jobs. Total to retry 3 
Info: the interval is set to be 20 - 35 seconds
2020-06-15 07:47:17 Job completed.========= ========= =========
Average runing time in seconds
   Min. 1st Qu.  Median    Mean 3rd Qu.    Max. 
  20.01   21.32   21.93   22.45   23.04   31.26 
2020-06-15 07:47:50 Retry failed jobs. Total to retry 1 
Info: the interval is set to be 20 - 35 seconds
2020-06-15 07:48:12 Job completed.========= ========= =========
Average runing time in seconds
   Min. 1st Qu.  Median    Mean 3rd Qu.    Max. 
  20.01   21.32   21.91   22.44   23.04   31.26 
Completed. Total 172 files (fetched 172 unavailable 0 ) 
2020-06-15 07:49:49 === BigQuery Upload Completed for MRT01 ===
2020-06-15 07:49:49 ========= all tasks completed for today =========
= = = = = = = = = = = = = = = = = = = = = = = = = = = = = = = = = = = = = = = 
 
 = = = = = = = = = = = = = = = = = = = = = = = = = = = = = = = = = = = = = = = 
2020-06-15 09:03:00 Fetch latest currency exchange rate from ECB
2020-06-15 09:03:00 Worker started for QR01 with controller 2020-12-08 ===
Info: the interval is set to be 20 - 35 seconds
2020-06-15 12:08:31 Job completed.========= ========= =========
Average runing time in seconds
   Min. 1st Qu.  Median    Mean 3rd Qu.    Max. 
  35.74   51.53   57.27   56.45   61.52   78.84 
2020-06-15 12:09:08 Retry failed jobs. Total to retry 13 
Info: the interval is set to be 20 - 35 seconds
2020-06-15 12:15:51 Job completed.========= ========= =========
Average runing time in seconds
   Min. 1st Qu.  Median    Mean 3rd Qu.    Max. 
  35.74   51.53   57.27   56.45   61.52   78.84 
2020-06-15 12:16:18 Retry failed jobs. Total to retry 9 
Info: the interval is set to be 20 - 35 seconds
2020-06-15 12:20:19 Job completed.========= ========= =========
Average runing time in seconds
   Min. 1st Qu.  Median    Mean 3rd Qu.    Max. 
  35.74   51.62   57.33   56.51   61.53   78.84 
2020-06-15 12:20:46 Retry failed jobs. Total to retry 8 
Info: the interval is set to be 20 - 35 seconds
2020-06-15 12:24:26 Job completed.========= ========= =========
Average runing time in seconds
   Min. 1st Qu.  Median    Mean 3rd Qu.    Max. 
  35.74   51.62   57.33   56.51   61.53   78.84 
Completed. Total 397 files.
2020-06-15 12:25:38 === BigQuery Upload Completed for QR01 ===
2020-06-15 12:25:38 Serving data results ===
========= Dashboard results are refreshed =========
Warning messages:
1: Removed 156 rows containing non-finite values (stat_smooth). 
2: Removed 156 rows containing missing values (geom_point). 
3: Removed 24 rows containing non-finite values (stat_smooth). 
4: Removed 24 rows containing missing values (geom_point). 
2020-06-15 12:25:45 ========= all tasks completed for today =========
= = = = = = = = = = = = = = = = = = = = = = = = = = = = = = = = = = = = = = = 
2020-06-16 03:03:07 updating currency exchange rate through ECB 
sh: 1: gcloud: not found
Warning message:
In system(.) : error in running command
=
2020-06-16 03:03:07 Worker started for QR01 with controller 2020-12-23 
sh: 1: gcloud: not found
Warning message:
In system(.) : error in running command
Info: the interval is set to be 20 - 35 seconds
2020-06-16 06:06:29 Job completed.========= ========= =========
Average runing time in seconds
   Min. 1st Qu.  Median    Mean 3rd Qu.    Max. 
  37.18   52.96   58.91   58.83   63.36  110.18 
2020-06-16 06:06:30 Retry failed jobs. Total to retry 79 
2020-06-16 06:42:56 Retry failed jobs. Total to retry 66 
2020-06-16 07:12:22 Retry failed jobs. Total to retry 58 
Completed. Total 397 files.
2020-06-16 07:39:11 BigQuery Upload Completed for QR01 =========
sh: 1: gcloud: not found
2020-06-16 07:39:11 Serving data results ===
========= Dashboard results are refreshed =========
Warning message:
In system(.) : error in running command
=
2020-06-16 07:39:18 Worker started for MRT01 with controller 2020-12-16 2020-12-31 
sh: 1: gcloud: not found
Warning message:
In system(.) : error in running command
Info: the interval is set to be 20 - 35 seconds
2020-06-16 08:37:18 Job completed.========= ========= =========
Average runing time in seconds
   Min. 1st Qu.  Median    Mean 3rd Qu.    Max. 
  15.32   16.89   21.86   21.12   22.80   40.78 
2020-06-16 08:37:21 Retry failed jobs. Total to retry 5 
2020-06-16 08:39:55 Retry failed jobs. Total to retry 2 
Completed. Total 128 files (fetched 82 unavailable 46 ) 
2020-06-16 08:41:49 BigQuery Upload Completed for MRT01 =========
sh: 1: gcloud: not found
Warning message:
In system(.) : error in running command
=
2020-06-16 08:41:49 Worker started for QR01 follow-up 2021-03-02 2021-02-15 2021-01-31 2021-01-16 2021-01-01 
sh: 1: gcloud: not found
Warning message:
In system(.) : error in running command
Info: the interval is set to be 20 - 35 seconds
2020-06-16 11:06:15 Job completed.========= ========= =========
Average runing time in seconds
   Min. 1st Qu.  Median    Mean 3rd Qu.    Max. 
  34.90   47.85   54.53   54.97   61.11  100.33 
2020-06-16 11:06:16 Retry failed jobs. Total to retry 6 
2020-06-16 11:09:18 Retry failed jobs. Total to retry 1 
2020-06-16 11:10:07 Retry failed jobs. Total to retry 1 
Completed. Total 319 files.
2020-06-16 11:11:37 BigQuery Upload Completed for QR01 =========
sh: 1: gcloud: not found
2020-06-16 11:11:37 Serving data results ===
========= Dashboard results are refreshed =========
Warning message:
In system(.) : error in running command
=
2020-06-16 11:11:41 Worker started for MRT01 follow-up 2020-12-10 2021-03-05 
sh: 1: gcloud: not found
Warning message:
In system(.) : error in running command
Info: the interval is set to be 20 - 35 seconds
2020-06-16 12:31:43 Job completed.========= ========= =========
Average runing time in seconds
   Min. 1st Qu.  Median    Mean 3rd Qu.    Max. 
  15.62   20.40   21.23   21.74   22.22   47.89 
2020-06-16 12:31:48 Retry failed jobs. Total to retry 22 
2020-06-16 12:42:12 Retry failed jobs. Total to retry 1 
2020-06-16 12:42:54 Retry failed jobs. Total to retry 1 
Completed. Total 172 files (fetched 157 unavailable 15 ) 
2020-06-16 12:44:51 BigQuery Upload Completed for MRT01 =========
sh: 1: gcloud: not found
Warning message:
In system(.) : error in running command
2020-06-16 12:44:51 scheduled daily tasks completed =========
sh: 1: gcloud: not found
Warning message:
In system(.) : error in running command
            task_name time_elapsed
1  QR with controller    276.06667
2 MRT with controller     62.51667
3         QR followup    149.80000
4        MRT followup     93.16667
= = = = = = = = = = = = = = = = = = = = = = = = = = = = = = = = = = = = = = = 
 = = = = = = = = = = = = = = = = = = = = = = = = = = = = = = = = = = = = = = = 
